Simulador Soldadura VR/Library/Bee/Android/Prj/IL2CPP/Gradle/launcher/build/intermediates/manifest_merge_blame_file/release/manifest-merger-blame-release-report.txt
1<?xml version="1.0" encoding="utf-8"?>
2<manifest xmlns:android="http://schemas.android.com/apk/res/android"
3    package="com.UnityTechnologies.com.unity.template.urpblank"
4    android:installLocation="preferExternal"
5    android:versionCode="1"
6    android:versionName="0.1.0" >
7
8    <uses-sdk
9        android:minSdkVersion="32"
9-->src\main\AndroidManifest.xml
10        android:targetSdkVersion="34" />
10-->src\main\AndroidManifest.xml
11
12    <supports-screens
12-->src\main\AndroidManifest.xml:4:3-163
13        android:anyDensity="true"
13-->src\main\AndroidManifest.xml:4:135-160
14        android:largeScreens="true"
14-->src\main\AndroidManifest.xml:4:78-105
15        android:normalScreens="true"
15-->src\main\AndroidManifest.xml:4:49-77
16        android:smallScreens="true"
16-->src\main\AndroidManifest.xml:4:21-48
17        android:xlargeScreens="true" />
17-->src\main\AndroidManifest.xml:4:106-134
18
19    <supports-gl-texture android:name="GL_KHR_texture_compression_astc_ldr" />
19-->[:unityLibrary] AndroidManifest.xml:8:5-79
19-->[:unityLibrary] AndroidManifest.xml:8:26-76
20
21    <uses-permission android:name="android.permission.INTERNET" />
21-->[:unityLibrary] AndroidManifest.xml:10:5-67
21-->[:unityLibrary] AndroidManifest.xml:10:22-64
22
23    <uses-feature android:glEsVersion="0x00030000" />
23-->[:unityLibrary] AndroidManifest.xml:12:5-54
23-->[:unityLibrary] AndroidManifest.xml:12:19-51
24    <uses-feature
24-->[:unityLibrary] AndroidManifest.xml:13:5-15:36
25        android:name="android.hardware.vulkan.version"
25-->[:unityLibrary] AndroidManifest.xml:14:9-55
26        android:required="false" />
26-->[:unityLibrary] AndroidManifest.xml:15:9-33
27    <uses-feature
27-->[:unityLibrary] AndroidManifest.xml:16:5-18:36
28        android:name="android.hardware.touchscreen"
28-->[:unityLibrary] AndroidManifest.xml:17:9-52
29        android:required="false" />
29-->[:unityLibrary] AndroidManifest.xml:18:9-33
30    <uses-feature
30-->[:unityLibrary] AndroidManifest.xml:19:5-21:36
31        android:name="android.hardware.touchscreen.multitouch"
31-->[:unityLibrary] AndroidManifest.xml:20:9-63
32        android:required="false" />
32-->[:unityLibrary] AndroidManifest.xml:21:9-33
33    <uses-feature
33-->[:unityLibrary] AndroidManifest.xml:22:5-24:36
34        android:name="android.hardware.touchscreen.multitouch.distinct"
34-->[:unityLibrary] AndroidManifest.xml:23:9-72
35        android:required="false" />
35-->[:unityLibrary] AndroidManifest.xml:24:9-33
36
37    <uses-permission android:name="org.khronos.openxr.permission.OPENXR" />
37-->[:openxr_loader:] AndroidManifest.xml:13:3-74
37-->[:openxr_loader:] AndroidManifest.xml:13:20-71
38    <uses-permission android:name="org.khronos.openxr.permission.OPENXR_SYSTEM" />
38-->[:openxr_loader:] AndroidManifest.xml:14:3-81
38-->[:openxr_loader:] AndroidManifest.xml:14:20-78
39
40    <queries>
40-->[:openxr_loader:] AndroidManifest.xml:16:3-27:13
41
42        <!-- to talk to the broker -->
43        <provider android:authorities="org.khronos.openxr.runtime_broker;org.khronos.openxr.system_runtime_broker" />
43-->[:openxr_loader:] AndroidManifest.xml:18:5-114
43-->[:openxr_loader:] AndroidManifest.xml:18:15-111
44
45        <!-- so client-side code of runtime/layers can talk to their service sides -->
46        <intent>
46-->[:openxr_loader:] AndroidManifest.xml:21:5-23:14
47            <action android:name="org.khronos.openxr.OpenXRRuntimeService" />
47-->[:openxr_loader:] AndroidManifest.xml:22:7-72
47-->[:openxr_loader:] AndroidManifest.xml:22:15-69
48        </intent>
49        <intent>
49-->[:openxr_loader:] AndroidManifest.xml:24:5-26:14
50            <action android:name="org.khronos.openxr.OpenXRApiLayerService" />
50-->[:openxr_loader:] AndroidManifest.xml:25:7-73
50-->[:openxr_loader:] AndroidManifest.xml:25:15-70
51        </intent>
52    </queries>
53
54    <uses-permission android:name="android.permission.WRITE_EXTERNAL_STORAGE" />
55    <uses-permission android:name="android.permission.READ_PHONE_STATE" />
56    <uses-permission android:name="android.permission.READ_EXTERNAL_STORAGE" />
57
58    <application
58-->src\main\AndroidManifest.xml:3:3-83
59        android:extractNativeLibs="true"
59-->[:unityLibrary] AndroidManifest.xml:26:18-50
60        android:icon="@mipmap/app_icon"
60-->src\main\AndroidManifest.xml:3:49-80
61        android:label="@string/app_name" >
61-->src\main\AndroidManifest.xml:3:16-48
62        <meta-data
62-->[:unityLibrary] AndroidManifest.xml:27:9-29:33
63            android:name="unity.splash-mode"
63-->[:unityLibrary] AndroidManifest.xml:28:13-45
64            android:value="0" />
64-->[:unityLibrary] AndroidManifest.xml:29:13-30
65        <meta-data
65-->[:unityLibrary] AndroidManifest.xml:30:9-32:36
66            android:name="unity.splash-enable"
66-->[:unityLibrary] AndroidManifest.xml:31:13-47
67            android:value="True" />
67-->[:unityLibrary] AndroidManifest.xml:32:13-33
68        <meta-data
68-->[:unityLibrary] AndroidManifest.xml:33:9-35:36
69            android:name="unity.launch-fullscreen"
69-->[:unityLibrary] AndroidManifest.xml:34:13-51
70            android:value="True" />
70-->[:unityLibrary] AndroidManifest.xml:35:13-33
71        <meta-data
71-->[:unityLibrary] AndroidManifest.xml:36:9-38:36
72            android:name="unity.render-outside-safearea"
72-->[:unityLibrary] AndroidManifest.xml:37:13-57
73            android:value="True" />
73-->[:unityLibrary] AndroidManifest.xml:38:13-33
74        <meta-data
74-->[:unityLibrary] AndroidManifest.xml:39:9-41:50
75            android:name="notch.config"
75-->[:unityLibrary] AndroidManifest.xml:40:13-40
76            android:value="portrait|landscape" />
76-->[:unityLibrary] AndroidManifest.xml:41:13-47
77        <meta-data
77-->[:unityLibrary] AndroidManifest.xml:42:9-44:36
78            android:name="unity.auto-report-fully-drawn"
78-->[:unityLibrary] AndroidManifest.xml:43:13-57
79            android:value="true" />
79-->[:unityLibrary] AndroidManifest.xml:44:13-33
80
81        <activity
81-->[:unityLibrary] AndroidManifest.xml:46:9-67:20
82            android:name="com.unity3d.player.UnityPlayerActivity"
82-->[:unityLibrary] AndroidManifest.xml:47:13-66
83            android:configChanges="mcc|mnc|locale|touchscreen|keyboard|keyboardHidden|navigation|orientation|screenLayout|uiMode|screenSize|smallestScreenSize|fontScale|layoutDirection|density"
83-->[:unityLibrary] AndroidManifest.xml:48:13-194
84            android:exported="true"
84-->[:unityLibrary] AndroidManifest.xml:49:13-36
85            android:hardwareAccelerated="false"
85-->[:unityLibrary] AndroidManifest.xml:50:13-48
86            android:launchMode="singleTask"
86-->[:unityLibrary] AndroidManifest.xml:51:13-44
87            android:resizeableActivity="false"
87-->[:unityLibrary] AndroidManifest.xml:52:13-47
88            android:screenOrientation="fullUser"
88-->[:unityLibrary] AndroidManifest.xml:53:13-49
89            android:theme="@style/UnityThemeSelector" >
89-->[:unityLibrary] AndroidManifest.xml:54:13-54
90            <intent-filter>
90-->[:unityLibrary] AndroidManifest.xml:55:13-59:29
91                <category android:name="android.intent.category.LAUNCHER" />
91-->[:unityLibrary] AndroidManifest.xml:56:17-77
91-->[:unityLibrary] AndroidManifest.xml:56:27-74
92
93                <action android:name="android.intent.action.MAIN" />
93-->[:unityLibrary] AndroidManifest.xml:58:17-69
93-->[:unityLibrary] AndroidManifest.xml:58:25-66
94            </intent-filter>
95
96            <meta-data
96-->[:unityLibrary] AndroidManifest.xml:61:13-63:40
97                android:name="unityplayer.UnityActivity"
97-->[:unityLibrary] AndroidManifest.xml:62:17-57
98                android:value="true" />
98-->[:unityLibrary] AndroidManifest.xml:63:17-37
99            <meta-data
99-->[:unityLibrary] AndroidManifest.xml:64:13-66:40
100                android:name="notch_support"
100-->[:unityLibrary] AndroidManifest.xml:65:17-45
101                android:value="true" />
101-->[:unityLibrary] AndroidManifest.xml:66:17-37
102        </activity>
103    </application>
104
105</manifest>